data.mistat.xiaomi.com	app_id,app_key,bc,channel,device_id,id_type,interval,mistatv,policy,sdk_version,sign,size,stat_value,version
o2o.api.xiaomi.com	requests
api.ad.xiaomi.com	clientInfo,pre,sv,nonce,isbase64,appKey,sign
hot.browser.miui.com	cate,brec
hot.browser.miui.com	value
hot.browser.miui.com	pid,pname,imei,oaid,type,hostname,pathname,api_time,api_code,app_name,app_version,api_url,warm,tag
images.cdn.pt.xiaomi.com	crop
weatherapi.market.xiaomi.com	thoroughfare,source,countryCode,longitude,latitude,language,adminArea,subLocality,locality,encoded,key
weatherapi.market.xiaomi.com	cityId,source,key
r.browser.miui.com	data,key
metok.sys.miui.com	v,k,t,s,LFsxzWeKt3ZIUUgxVUofZ6keb31AoFnH1EGx9HGCiddE2CJ6D5ilwQETyk3HipDo+0xXxFge/Bk2Aq2HnVuhmDhM5cXTGM2K+Zwz23E0zPL25bJs4bt9GbRkBQEzHoEY60H2tbuNshiU4bJByNhrXqtgISEGlGJ02YCZReJp3MlWtgajgi7koyXlGdPijGOigi0nq3LkJ/k9m0vVitBrK6ztkMOEGDpvtAM70GffZKRMHH2KNIlyqzKPnb7zIXTux7dX7ewU4DhdKw/1MshlFNGbHq6Fo4nZvHvIPy8M6KgW2DiJjP/cBsftmMDtn12O68s6uQgUIb0rQcbGHqPFGpjbbOxNREa4MLmkpEPnJewv9qNcC2KN8kGQanr72rT6SDdv6RUjvxzu0GGWPtNSDKQiLZ8IW44B0bBCWc0m/27jbe2GD/jvHZHOaxYnktGAkyYhXel4PhEh3Lyx3ogOCiNvLxiwZ9wyfMFIHhXSPWj+a6aEZ4Ysx9l/vS4fO5+lR3RO6IhYa/xETkt5Z2HDGKIsCHGIZsryQVUgZY8DhEQ
metok.sys.miui.com	v,k,t,s,V3QcKhsDzjuxAEXbASFX/ddyoqwAOhWTxJYmylgVlAc269Z5Y5QqI3lx/r1xx+icqTSMM/kGFB4Xfy54LqjzYUB1U1kcjizVLkHsgTCJd2oU45e5coq+3u1CvBZ44tR0VR8adUYwC6DvPrEZf3rEvQ
r.browser.miui.com	app,key
m.baidu.com	from,vit
security.browser.miui.com	q,app,version,key
ss0.bdstatic.com	searchbox_feed,size,quality,wh_rate,imgtype,ref,sec,di,src
ss0.baidu.com	w,h,s
ss1.baidu.com	w,h,s
m.baidu.com	type,prod,pic,from,lid,ishome,net,islogin,hissid,hisdata,lid
m.baidu.com	tcreq4log,r,logid,from,pu,ct,cst,ref,logFrom
feed.baidu.com	pd,sid,ssid,from,pu,qid,ms,cb,current_data,cb
ss2.baidu.com	w,h,s
hm.baidu.com	12423ecbc0e2ca965d84259063d35238
m.baidu.com	tcreq4log,r,logid,from,pu,ct,cst,ref,logFrom,logInfo
fidebsz.yuanbaopu.com	cdata
docs-10002631.cos.ap-shanghai.myqcloud.com	sign
data.mistat.xiaomi.com	sid,fc,p,ai,pv,rg,sv,sn
web.image.myqcloud.com	sign,filename,filename,filecontent
203.107.1.65	host,sdk,t,s,sid,net,bssid
api.ad.xiaomi.com	value,sign,ts,nonce
sdkconfig.ad.xiaomi.com	av,cv,d,f,i,m,n,nonce,p,r,ts,v,sign
adashbc.ut.taobao.com	ak,av,c,v,s,d,sv,p,t,u,is,k,filename,stm_d
pagead2.googlesyndication.com	id,action,js,os,api,flow,appid
data.mistat.xiaomi.com	size,interval,policy,app_id,app_key,device_id,stat_value,sdk_version,version,id_type,channel,mistatv,bc
api.megvii.com	api_secret,api_key,filename,image
api.megvii.com	api_key,api_secret
api.megvii.com	return_image,api_key,api_secret,token_random_number,filename,video
api.megvii.com	api_key,api_secret,token,comparison_type,idcard_name,idcard_number
beacon-api.aliyuncs.com	accountId,appKey,appVer,beaconVer,deviceId,osType,osVer,sdkId,sign
api.ad.xiaomi.com	clientInfo,nonce,sv,packageName,isbase64,appKey,sign
fidebsz.yuanbaopu.com	name,orgCode,token
api.sec.miui.com	n,sign,x,e,m,v,l,o,c,t,dataVersion,d,r
adv.sec.miui.com	l,v,n,sign,t,c,o,x,e,d,m,r
api.miui.security.xiaomi.com	l,v,n,sign,t,c,o,x,e,d,m,r
api.sec.miui.com	device,n,sign,x,e,pkgs,m,osver,v,l,o,c,t,d,r
fidebsz.yuanbaopu.com	orgCode,token
cc.map.qq.com	desc_c,FSnHZt9alVsRa1ZuxqN0CimDXtZwIWf0JscvWIvy8DyQdTspMxkfo07J6E28xrroY6fhw8p9E5xS3Maj6B//L7xR2bEwh/PsuBhdjdpMneNJT2tFPDHoaK+I3ZPeAKc3hGS+fnQ+s50wXGZZC13zFtyb1TdC8YrxNCENbH/w3006WxiqPhWBMOB0chzM869wm3BZMlKIZho+2ujlF5F+kJSdlWFM/oSslGkfKFOPBg33d3ZYxsSgTUhXfUnqKZTL9nm23RPmtZocbSnR1gs0d+rpaDULEO/MSLah5LAS9NwMplu1KCeFExfRNzNB4VcXRbUVJAlrbnpkNu/ifkYUHS2f0RuHWC8lxQvf6TnBadw
tracking.miui.com	value,sign,ts,nonce
szminorshort.weixin.qq.com	,2,j^,i,o+,f,V,o,j,c,:,r,S,H,\C`gC,b,(A,K\,L,7,J,(V,HW,I,1eu&,i,2,j,$8j6,w,M,Y,5b%,(sKo,2,A,#,$
find.api.micloud.xiaomi.net	clientData,aaid,keyType,fid
find.api.micloud.xiaomi.net	clientData,keyType,fid
adash.man.aliyuncs.com	ak,s,Raw
app.market.xiaomi.com	lo,activedTimeInterval,androidId,androidVersion,autoUpdateEnabled,background,clientConfigVersion,clientId,co,cpuArchitecture,densityScaleFactor,device,deviceType,imei,installDay,invalidSystemPackageHash,la,launchDay,mac,marketVersion,miuiBigVersionCode,miuiBigVersionName,miuiLevel,model,network,newUser,os,packageName,pageConfigVersion,resolution,ro,romLevel,sdk,supportPatchVer,tzNonce,tzSign,updateInfoLevel,versionCode,webResVersion
203.107.1.34	host,sdk,t,s,sid,net,bssid
203.107.1.66	host,sdk,t,s,sid,net,bssid
data.mistat.xiaomi.com	app_id,app_key,bc,channel,device_id,interval,mistatv,policy,sign,size,stat_value,version
data.mistat.xiaomi.com	ai,av,m,rc,rg,sv,t
dns.weixin.qq.com	uin,clientversion,scene,net,md5,devicetype,lan,sigver,lasteffecttime,xagreementid
111.30.164.230	uin,clientversion,scene,net,md5,devicetype,lan,sigver,lasteffecttime,xagreementid
203.107.1.33	host,sdk,t,s,sid,net,bssid
app.market.xiaomi.com	lo,activedTimeInterval,androidId,androidVersion,clientConfigVersion,clientId,co,cpuArchitecture,densityScaleFactor,device,deviceType,imei,installDay,la,launchDay,mac,marketVersion,miuiBigVersionCode,miuiBigVersionName,model,network,newUser,oldApkHash,os,packageName,pageConfigVersion,resolution,ro,romLevel,sdk,supportPatchVer,tzNonce,tzSign,versionCode,webResVersion
apis.map.qq.com	coord_type,get_poi,output,key,location
109.244.169.60	uin,clientversion,scene,net,md5,devicetype,lan,sigver,lasteffecttime,xagreementid
galleryapi.micloud.xiaomi.net	syncToken,data
wxyx.wzbank.cn	idno,name
wxyx.wzbank.cn	bizContent,txIp,partnerId,partnerAppId,msgTime,chnlType,deviceNo,sign
wxyx.wzbank.cn	filename,file,idCard,name,token_random_number,desc
szextshort.weixin.qq.com	filename,file,idCard,name,token_random_number,desc
203.107.1.1	host,sdk,t,s,sid,net,bssid
109.244.169.236	uin,clientversion,scene,net,md5,devicetype,lan,sigver,lasteffecttime,xagreementid
wxyx.wzbank.cn	bizContent,partnerId,partnerAppId,chnlType,deviceNo,msgTime,version,sign
appdemo.wzbank.com.cn	IdentityType,IdentityNo,Name,FromUserName,ToUserName
appdemo.wzbank.com.cn	key
appdemo.wzbank.com.cn	random
smart.bigdata.xiaomi.com	id,v,ov,ob,m,rc
111.30.164.242	uin,clientversion,scene,net,md5,devicetype,lan,sigver,lasteffecttime,xagreementid
data.mistat.xiaomi.com	app_id,app_key,bc,channel,device_id,id_type,interval,mistatv,policy,sdk_version,sign,size,stat_value,version
o2o.api.xiaomi.com	requests
api.ad.xiaomi.com	clientInfo,pre,sv,nonce,isbase64,appKey,sign
hot.browser.miui.com	cate,brec
hot.browser.miui.com	value
hot.browser.miui.com	pid,pname,imei,oaid,type,hostname,pathname,api_time,api_code,app_name,app_version,api_url,warm,tag
images.cdn.pt.xiaomi.com	crop
weatherapi.market.xiaomi.com	thoroughfare,source,countryCode,longitude,latitude,language,adminArea,subLocality,locality,encoded,key
weatherapi.market.xiaomi.com	cityId,source,key
r.browser.miui.com	data,key
metok.sys.miui.com	v,k,t,s,LFsxzWeKt3ZIUUgxVUofZ6keb31AoFnH1EGx9HGCiddE2CJ6D5ilwQETyk3HipDo+0xXxFge/Bk2Aq2HnVuhmDhM5cXTGM2K+Zwz23E0zPL25bJs4bt9GbRkBQEzHoEY60H2tbuNshiU4bJByNhrXqtgISEGlGJ02YCZReJp3MlWtgajgi7koyXlGdPijGOigi0nq3LkJ/k9m0vVitBrK6ztkMOEGDpvtAM70GffZKRMHH2KNIlyqzKPnb7zIXTux7dX7ewU4DhdKw/1MshlFNGbHq6Fo4nZvHvIPy8M6KgW2DiJjP/cBsftmMDtn12O68s6uQgUIb0rQcbGHqPFGpjbbOxNREa4MLmkpEPnJewv9qNcC2KN8kGQanr72rT6SDdv6RUjvxzu0GGWPtNSDKQiLZ8IW44B0bBCWc0m/27jbe2GD/jvHZHOaxYnktGAkyYhXel4PhEh3Lyx3ogOCiNvLxiwZ9wyfMFIHhXSPWj+a6aEZ4Ysx9l/vS4fO5+lR3RO6IhYa/xETkt5Z2HDGKIsCHGIZsryQVUgZY8DhEQ
metok.sys.miui.com	v,k,t,s,V3QcKhsDzjuxAEXbASFX/ddyoqwAOhWTxJYmylgVlAc269Z5Y5QqI3lx/r1xx+icqTSMM/kGFB4Xfy54LqjzYUB1U1kcjizVLkHsgTCJd2oU45e5coq+3u1CvBZ44tR0VR8adUYwC6DvPrEZf3rEvQ
r.browser.miui.com	app,key
security.browser.miui.com	q,app,version,key
ss0.bdstatic.com	searchbox_feed,size,quality,wh_rate,imgtype,ref,sec,di,src
fidebsz.yuanbaopu.com	cdata
docs-10002631.cos.ap-shanghai.myqcloud.com	sign
data.mistat.xiaomi.com	sid,fc,p,ai,pv,rg,sv,sn
web.image.myqcloud.com	sign,filename,filename,filecontent
203.107.1.65	host,sdk,t,s,sid,net,bssid
api.ad.xiaomi.com	value,sign,ts,nonce
sdkconfig.ad.xiaomi.com	av,cv,d,f,i,m,n,nonce,p,r,ts,v,sign
adashbc.ut.taobao.com	ak,av,c,v,s,d,sv,p,t,u,is,k,filename,stm_d
pagead2.googlesyndication.com	id,action,js,os,api,flow,appid
data.mistat.xiaomi.com	size,interval,policy,app_id,app_key,device_id,stat_value,sdk_version,version,id_type,channel,mistatv,bc
api.megvii.com	api_secret,api_key,filename,image
api.megvii.com	api_key,api_secret
api.megvii.com	return_image,api_key,api_secret,token_random_number,filename,video
api.megvii.com	api_key,api_secret,token,comparison_type,idcard_name,idcard_number
beacon-api.aliyuncs.com	accountId,appKey,appVer,beaconVer,deviceId,osType,osVer,sdkId,sign
api.ad.xiaomi.com	clientInfo,nonce,sv,packageName,isbase64,appKey,sign
fidebsz.yuanbaopu.com	name,orgCode,token
api.sec.miui.com	n,sign,x,e,m,v,l,o,c,t,dataVersion,d,r
adv.sec.miui.com	l,v,n,sign,t,c,o,x,e,d,m,r
api.miui.security.xiaomi.com	l,v,n,sign,t,c,o,x,e,d,m,r
api.sec.miui.com	device,n,sign,x,e,pkgs,m,osver,v,l,o,c,t,d,r
fidebsz.yuanbaopu.com	orgCode,token
cc.map.qq.com	desc_c,FSnHZt9alVsRa1ZuxqN0CimDXtZwIWf0JscvWIvy8DyQdTspMxkfo07J6E28xrroY6fhw8p9E5xS3Maj6B//L7xR2bEwh/PsuBhdjdpMneNJT2tFPDHoaK+I3ZPeAKc3hGS+fnQ+s50wXGZZC13zFtyb1TdC8YrxNCENbH/w3006WxiqPhWBMOB0chzM869wm3BZMlKIZho+2ujlF5F+kJSdlWFM/oSslGkfKFOPBg33d3ZYxsSgTUhXfUnqKZTL9nm23RPmtZocbSnR1gs0d+rpaDULEO/MSLah5LAS9NwMplu1KCeFExfRNzNB4VcXRbUVJAlrbnpkNu/ifkYUHS2f0RuHWC8lxQvf6TnBadw
tracking.miui.com	value,sign,ts,nonce
szminorshort.weixin.qq.com	,2,j^,i,o+,f,V,o,j,c,:,r,S,H,\C`gC,b,(A,K\,L,7,J,(V,HW,I,1eu&,i,2,j,$8j6,w,M,Y,5b%,(sKo,2,A,#,$
find.api.micloud.xiaomi.net	clientData,aaid,keyType,fid
find.api.micloud.xiaomi.net	clientData,keyType,fid
adash.man.aliyuncs.com	ak,s,Raw
app.market.xiaomi.com	lo,activedTimeInterval,androidId,androidVersion,autoUpdateEnabled,background,clientConfigVersion,clientId,co,cpuArchitecture,densityScaleFactor,device,deviceType,imei,installDay,invalidSystemPackageHash,la,launchDay,mac,marketVersion,miuiBigVersionCode,miuiBigVersionName,miuiLevel,model,network,newUser,os,packageName,pageConfigVersion,resolution,ro,romLevel,sdk,supportPatchVer,tzNonce,tzSign,updateInfoLevel,versionCode,webResVersion
203.107.1.34	host,sdk,t,s,sid,net,bssid
203.107.1.66	host,sdk,t,s,sid,net,bssid
data.mistat.xiaomi.com	app_id,app_key,bc,channel,device_id,interval,mistatv,policy,sign,size,stat_value,version
data.mistat.xiaomi.com	ai,av,m,rc,rg,sv,t
dns.weixin.qq.com	uin,clientversion,scene,net,md5,devicetype,lan,sigver,lasteffecttime,xagreementid
111.30.164.230	uin,clientversion,scene,net,md5,devicetype,lan,sigver,lasteffecttime,xagreementid
203.107.1.33	host,sdk,t,s,sid,net,bssid
app.market.xiaomi.com	lo,activedTimeInterval,androidId,androidVersion,clientConfigVersion,clientId,co,cpuArchitecture,densityScaleFactor,device,deviceType,imei,installDay,la,launchDay,mac,marketVersion,miuiBigVersionCode,miuiBigVersionName,model,network,newUser,oldApkHash,os,packageName,pageConfigVersion,resolution,ro,romLevel,sdk,supportPatchVer,tzNonce,tzSign,versionCode,webResVersion
apis.map.qq.com	coord_type,get_poi,output,key,location
109.244.169.60	uin,clientversion,scene,net,md5,devicetype,lan,sigver,lasteffecttime,xagreementid
galleryapi.micloud.xiaomi.net	syncToken,data
wxyx.wzbank.cn	idno,name
wxyx.wzbank.cn	bizContent,txIp,partnerId,partnerAppId,msgTime,chnlType,deviceNo,sign
wxyx.wzbank.cn	filename,file,idCard,name,token_random_number,desc
szextshort.weixin.qq.com	filename,file,idCard,name,token_random_number,desc
203.107.1.1	host,sdk,t,s,sid,net,bssid
109.244.169.236	uin,clientversion,scene,net,md5,devicetype,lan,sigver,lasteffecttime,xagreementid
wxyx.wzbank.cn	bizContent,partnerId,partnerAppId,chnlType,deviceNo,msgTime,version,sign
appdemo.wzbank.com.cn	IdentityType,IdentityNo,Name,FromUserName,ToUserName
appdemo.wzbank.com.cn	key
appdemo.wzbank.com.cn	random
smart.bigdata.xiaomi.com	id,v,ov,ob,m,rc
111.30.164.242	uin,clientversion,scene,net,md5,devicetype,lan,sigver,lasteffecttime,xagreementid
